\BOOKMARK [1][-]{section.1}{Accessing STELLA}{}% 1
\BOOKMARK [1][-]{section.2}{Introduction to the rock cycle}{}% 2
\BOOKMARK [1][-]{section.3}{Model components}{}% 3
\BOOKMARK [2][-]{subsection.3.1}{Reservoirs}{section.3}% 4
\BOOKMARK [2][-]{subsection.3.2}{Flow processes}{section.3}% 5
\BOOKMARK [3][-]{subsubsection.3.2.1}{Ocean crust production}{subsection.3.2}% 6
\BOOKMARK [3][-]{subsubsection.3.2.2}{Ocean crust subduction}{subsection.3.2}% 7
\BOOKMARK [3][-]{subsubsection.3.2.3}{Arc volcanism}{subsection.3.2}% 8
\BOOKMARK [3][-]{subsubsection.3.2.4}{Weathering of continental igneous rocks}{subsection.3.2}% 9
\BOOKMARK [3][-]{subsubsection.3.2.5}{Lithification}{subsection.3.2}% 10
\BOOKMARK [3][-]{subsubsection.3.2.6}{Weathering of sedimentary rocks}{subsection.3.2}% 11
\BOOKMARK [3][-]{subsubsection.3.2.7}{Metamorphism of sedimentary rocks}{subsection.3.2}% 12
\BOOKMARK [3][-]{subsubsection.3.2.8}{Metamorphism of continental igneous rocks}{subsection.3.2}% 13
\BOOKMARK [3][-]{subsubsection.3.2.9}{Melting of metamorphic rocks}{subsection.3.2}% 14
\BOOKMARK [3][-]{subsubsection.3.2.10}{Weathering of metamorphic rocks}{subsection.3.2}% 15
\BOOKMARK [3][-]{subsubsection.3.2.11}{Metamorphic rock subduction}{subsection.3.2}% 16
\BOOKMARK [2][-]{subsection.3.3}{Putting the model together}{section.3}% 17
\BOOKMARK [2][-]{subsection.3.4}{Flow values}{section.3}% 18
\BOOKMARK [2][-]{subsection.3.5}{Model equations}{section.3}% 19
\BOOKMARK [3][-]{subsubsection.3.5.1}{Reservoirs}{subsection.3.5}% 20
\BOOKMARK [3][-]{subsubsection.3.5.2}{Flows}{subsection.3.5}% 21
\BOOKMARK [3][-]{subsubsection.3.5.3}{Converters}{subsection.3.5}% 22
\BOOKMARK [1][-]{section.4}{Experimenting with the rock cycle}{}% 23
\BOOKMARK [2][-]{subsection.4.1}{Response time of the system}{section.4}% 24
\BOOKMARK [2][-]{subsection.4.2}{Simulate the formation of the Earth}{section.4}% 25
\BOOKMARK [2][-]{subsection.4.3}{Effects of tectonic variations}{section.4}% 26
